git_projects/ProyectoBiblioteca/app/build/outputs/logs/manifest-merger-debug-report.txt
-- Merging decision tree log ---
manifest
ADDED from src/main/AndroidManifest.xml:2:1-54:12
	package
		ADDED from src/main/AndroidManifest.xml:3:5-70
		INJECTED from src/main/AndroidManifest.xml
		INJECTED from src/main/AndroidManifest.xml
	android:versionName
		INJECTED from src/main/AndroidManifest.xml
		INJECTED from src/main/AndroidManifest.xml
	xmlns:android
		ADDED from src/main/AndroidManifest.xml:2:11-69
	android:versionCode
		INJECTED from src/main/AndroidManifest.xml
		INJECTED from src/main/AndroidManifest.xml
application
ADDED from src/main/AndroidManifest.xml:5:5-35:19
MERGED from [com.android.support:design:23.3.0] AndroidManifest.xml:22:5-20
MERGED from [com.android.support:appcompat-v7:23.3.0] AndroidManifest.xml:25:5-20
MERGED from [com.android.support:animated-vector-drawable:23.3.0] AndroidManifest.xml:7:5-20
MERGED from [com.android.support:support-vector-drawable:23.3.0] AndroidManifest.xml:7:5-20
MERGED from [com.android.support:support-v4:23.3.0] AndroidManifest.xml:22:5-20
MERGED from [de.hdodenhof:circleimageview:1.3.0] AndroidManifest.xml:9:5-20
	android:label
		ADDED from src/main/AndroidManifest.xml:8:9-41
	android:supportsRtl
		ADDED from src/main/AndroidManifest.xml:9:9-35
	android:allowBackup
		ADDED from src/main/AndroidManifest.xml:6:9-35
	android:icon
		ADDED from src/main/AndroidManifest.xml:7:9-43
	android:theme
		ADDED from src/main/AndroidManifest.xml:10:9-40
activity#co.edu.uniquindio.android.project.biblioteca.packagesAR.actividades.NavegationActivity
ADDED from src/main/AndroidManifest.xml:11:9-21:20
	android:name
		ADDED from src/main/AndroidManifest.xml:11:19-120
intent-filter#android.intent.action.MAIN+android.intent.category.LAUNCHER
ADDED from src/main/AndroidManifest.xml:13:13-16:29
action#android.intent.action.MAIN
ADDED from src/main/AndroidManifest.xml:14:17-69
	android:name
		ADDED from src/main/AndroidManifest.xml:14:25-66
category#android.intent.category.LAUNCHER
ADDED from src/main/AndroidManifest.xml:15:17-77
	android:name
		ADDED from src/main/AndroidManifest.xml:15:27-74
meta-data#unityplayer.UnityActivity
ADDED from src/main/AndroidManifest.xml:17:9-84
	android:value
		ADDED from src/main/AndroidManifest.xml:17:61-81
	android:name
		ADDED from src/main/AndroidManifest.xml:17:20-60
meta-data#unityplayer.ForwardNativeEventsToDalvik
ADDED from src/main/AndroidManifest.xml:18:7-96
	android:value
		ADDED from src/main/AndroidManifest.xml:18:73-93
	android:name
		ADDED from src/main/AndroidManifest.xml:18:18-72
activity#co.edu.uniquindio.android.project.biblioteca.packagesAR.actividades.web_view
ADDED from src/main/AndroidManifest.xml:22:9-112
	android:name
		ADDED from src/main/AndroidManifest.xml:22:19-110
activity#co.edu.uniquindio.android.project.biblioteca.packagesAR.actividades.Activity_localizar
ADDED from src/main/AndroidManifest.xml:23:9-122
	android:name
		ADDED from src/main/AndroidManifest.xml:23:19-120
activity#co.edu.uniquindio.android.project.biblioteca.packagesAR.actividades.Acerca_de_Activity
ADDED from src/main/AndroidManifest.xml:24:9-123
	android:name
		ADDED from src/main/AndroidManifest.xml:24:19-120
activity#co.edu.uniquindio.android.project.biblioteca.packagesAR.actividades.UnityPlayerProxyActivity
ADDED from src/main/AndroidManifest.xml:25:9-129
	android:name
		ADDED from src/main/AndroidManifest.xml:25:19-126
activity#co.edu.uniquindio.android.project.biblioteca.packagesAR.actividades.UnityPlayerActivity
ADDED from src/main/AndroidManifest.xml:26:9-124
	android:name
		ADDED from src/main/AndroidManifest.xml:26:19-121
activity#co.edu.uniquindio.android.project.biblioteca.packagesAR.actividades.UnityPlayerNativeActivity
ADDED from src/main/AndroidManifest.xml:27:9-358
	android:screenOrientation
		ADDED from src/main/AndroidManifest.xml:27:19-57
	android:launchMode
		ADDED from src/main/AndroidManifest.xml:27:58-89
	android:configChanges
		ADDED from src/main/AndroidManifest.xml:27:90-247
	android:name
		ADDED from src/main/AndroidManifest.xml:27:248-356
uses-library#com.ti.s3d
ADDED from src/main/AndroidManifest.xml:30:9-76
	android:required
		ADDED from src/main/AndroidManifest.xml:30:49-73
	android:name
		ADDED from src/main/AndroidManifest.xml:30:23-48
uses-library#com.osterhoutgroup.api.ext
ADDED from src/main/AndroidManifest.xml:34:5-88
	android:required
		ADDED from src/main/AndroidManifest.xml:34:61-85
	android:name
		ADDED from src/main/AndroidManifest.xml:34:19-60
uses-permission#android.permission.INTERNET
ADDED from src/main/AndroidManifest.xml:37:5-66
	android:name
		ADDED from src/main/AndroidManifest.xml:37:22-64
uses-permission#android.permission.ACCESS_COARSE_LOCATION
ADDED from src/main/AndroidManifest.xml:38:5-80
	android:name
		ADDED from src/main/AndroidManifest.xml:38:22-78
uses-permission#android.permission.ACCESS_NETWORK_STATE
ADDED from src/main/AndroidManifest.xml:39:5-78
	android:name
		ADDED from src/main/AndroidManifest.xml:39:22-76
uses-permission#android.permission.BATTERY_STATS
ADDED from src/main/AndroidManifest.xml:40:5-71
	android:name
		ADDED from src/main/AndroidManifest.xml:40:22-69
uses-permission#android.permission.CAMERA
ADDED from src/main/AndroidManifest.xml:41:5-64
	android:name
		ADDED from src/main/AndroidManifest.xml:41:22-62
uses-permission#android.permission.WRITE_EXTERNAL_STORAGE
ADDED from src/main/AndroidManifest.xml:42:5-81
	android:name
		ADDED from src/main/AndroidManifest.xml:42:22-78
uses-permission#android.permission.ACCESS_WIFI_STATE
ADDED from src/main/AndroidManifest.xml:43:5-75
	android:name
		ADDED from src/main/AndroidManifest.xml:43:22-73
uses-feature#0x00020000
ADDED from src/main/AndroidManifest.xml:45:5-54
	android:glEsVersion
		ADDED from src/main/AndroidManifest.xml:45:19-51
uses-feature#android.hardware.camera.autofocus
ADDED from src/main/AndroidManifest.xml:46:5-95
	android:required
		ADDED from src/main/AndroidManifest.xml:46:68-92
	android:name
		ADDED from src/main/AndroidManifest.xml:46:19-67
uses-feature#android.hardware.camera.front
ADDED from src/main/AndroidManifest.xml:47:5-91
	android:required
		ADDED from src/main/AndroidManifest.xml:47:64-88
	android:name
		ADDED from src/main/AndroidManifest.xml:47:19-63
uses-feature#android.hardware.touchscreen
ADDED from src/main/AndroidManifest.xml:48:5-90
	android:required
		ADDED from src/main/AndroidManifest.xml:48:63-87
	android:name
		ADDED from src/main/AndroidManifest.xml:48:19-62
uses-feature#android.hardware.touchscreen.multitouch
ADDED from src/main/AndroidManifest.xml:49:5-101
	android:required
		ADDED from src/main/AndroidManifest.xml:49:74-98
	android:name
		ADDED from src/main/AndroidManifest.xml:49:19-73
uses-feature#android.hardware.touchscreen.multitouch.distinct
ADDED from src/main/AndroidManifest.xml:50:5-110
	android:required
		ADDED from src/main/AndroidManifest.xml:50:83-107
	android:name
		ADDED from src/main/AndroidManifest.xml:50:19-82
uses-feature#android.hardware.camera
ADDED from src/main/AndroidManifest.xml:51:5-60
	android:name
		ADDED from src/main/AndroidManifest.xml:51:19-57
supports-screens
ADDED from src/main/AndroidManifest.xml:52:5-165
	android:largeScreens
		ADDED from src/main/AndroidManifest.xml:52:80-107
	android:smallScreens
		ADDED from src/main/AndroidManifest.xml:52:23-50
	android:normalScreens
		ADDED from src/main/AndroidManifest.xml:52:51-79
	android:xlargeScreens
		ADDED from src/main/AndroidManifest.xml:52:108-136
	android:anyDensity
		ADDED from src/main/AndroidManifest.xml:52:137-162
uses-sdk
INJECTED from src/main/AndroidManifest.xml reason: use-sdk injection requested
MERGED from [com.android.support:design:23.3.0] AndroidManifest.xml:20:5-43
MERGED from [com.android.support:appcompat-v7:23.3.0] AndroidManifest.xml:21:5-23:78
MERGED from [com.android.support:animated-vector-drawable:23.3.0] AndroidManifest.xml:5:5-44
MERGED from [com.android.support:support-vector-drawable:23.3.0] AndroidManifest.xml:5:5-43
MERGED from [com.android.support:recyclerview-v7:23.3.0] AndroidManifest.xml:20:5-43
MERGED from [com.android.support:support-v4:23.3.0] AndroidManifest.xml:20:5-43
MERGED from [de.hdodenhof:circleimageview:1.3.0] AndroidManifest.xml:5:5-7:41
	tools:overrideLibrary
		ADDED from [com.android.support:appcompat-v7:23.3.0] AndroidManifest.xml:23:9-75
	android:targetSdkVersion
		INJECTED from src/main/AndroidManifest.xml
		INJECTED from src/main/AndroidManifest.xml
	android:minSdkVersion
		INJECTED from src/main/AndroidManifest.xml
		INJECTED from src/main/AndroidManifest.xml